0 info it worked if it ends with ok
1 verbose cli [ 'C:\\Program Files\\nodejs\\node.exe',
1 verbose cli   'C:\\Program Files\\nodejs\\node_modules\\npm\\bin\\npm-cli.js',
1 verbose cli   'install',
1 verbose cli   '-g',
1 verbose cli   'windows-service' ]
2 info using npm@3.10.3
3 info using node@v6.5.0
4 silly loadCurrentTree Starting
5 silly install loadCurrentTree
6 silly install readGlobalPackageData
7 silly fetchPackageMetaData windows-service
8 silly fetchNamedPackageData windows-service
9 silly mapToRegistry name windows-service
10 silly mapToRegistry using default registry
11 silly mapToRegistry registry https://registry.npmjs.org/
12 silly mapToRegistry data Result {
12 silly mapToRegistry   raw: 'windows-service',
12 silly mapToRegistry   scope: null,
12 silly mapToRegistry   escapedName: 'windows-service',
12 silly mapToRegistry   name: 'windows-service',
12 silly mapToRegistry   rawSpec: '',
12 silly mapToRegistry   spec: 'latest',
12 silly mapToRegistry   type: 'tag' }
13 silly mapToRegistry uri https://registry.npmjs.org/windows-service
14 verbose request uri https://registry.npmjs.org/windows-service
15 verbose request no auth needed
16 info attempt registry request try #1 at 13:43:00
17 verbose request id 6a6c746d16d99fc2
18 verbose etag "750MMPC04MXZQZBIFW5SXQW92"
19 http request GET https://registry.npmjs.org/windows-service
20 http 304 https://registry.npmjs.org/windows-service
21 verbose headers { date: 'Thu, 10 Nov 2016 06:43:01 GMT',
21 verbose headers   via: '1.1 varnish',
21 verbose headers   'cache-control': 'max-age=300',
21 verbose headers   etag: '"750MMPC04MXZQZBIFW5SXQW92"',
21 verbose headers   age: '34',
21 verbose headers   connection: 'keep-alive',
21 verbose headers   'x-served-by': 'cache-sin6921-SIN',
21 verbose headers   'x-cache': 'HIT',
21 verbose headers   'x-cache-hits': '1',
21 verbose headers   'x-timer': 'S1478760181.973086,VS0,VE63',
21 verbose headers   vary: 'Accept-Encoding' }
22 silly get cb [ 304,
22 silly get   { date: 'Thu, 10 Nov 2016 06:43:01 GMT',
22 silly get     via: '1.1 varnish',
22 silly get     'cache-control': 'max-age=300',
22 silly get     etag: '"750MMPC04MXZQZBIFW5SXQW92"',
22 silly get     age: '34',
22 silly get     connection: 'keep-alive',
22 silly get     'x-served-by': 'cache-sin6921-SIN',
22 silly get     'x-cache': 'HIT',
22 silly get     'x-cache-hits': '1',
22 silly get     'x-timer': 'S1478760181.973086,VS0,VE63',
22 silly get     vary: 'Accept-Encoding' } ]
23 verbose etag https://registry.npmjs.org/windows-service from cache
24 verbose get saving windows-service to C:\Users\Faisal Abdul Hamid\AppData\Roaming\npm-cache\registry.npmjs.org\windows-service\.cache.json
25 verbose correctMkdir C:\Users\Faisal Abdul Hamid\AppData\Roaming\npm-cache correctMkdir not in flight; initializing
26 silly install normalizeTree
27 silly loadCurrentTree Finishing
28 silly loadIdealTree Starting
29 silly install loadIdealTree
30 silly cloneCurrentTree Starting
31 silly install cloneCurrentTreeToIdealTree
32 silly cloneCurrentTree Finishing
33 silly loadShrinkwrap Starting
34 silly install loadShrinkwrap
35 silly loadShrinkwrap Finishing
36 silly loadAllDepsIntoIdealTree Starting
37 silly install loadAllDepsIntoIdealTree
38 silly resolveWithNewModule windows-service@1.1.0 checking installable status
39 silly cache add args [ 'windows-service', null ]
40 verbose cache add spec windows-service
41 silly cache add parsed spec Result {
41 silly cache add   raw: 'windows-service',
41 silly cache add   scope: null,
41 silly cache add   escapedName: 'windows-service',
41 silly cache add   name: 'windows-service',
41 silly cache add   rawSpec: '',
41 silly cache add   spec: 'latest',
41 silly cache add   type: 'tag' }
42 silly addNamed windows-service@latest
43 verbose addNamed "latest" is being treated as a dist-tag for windows-service
44 info addNameTag [ 'windows-service', 'latest' ]
45 silly mapToRegistry name windows-service
46 silly mapToRegistry using default registry
47 silly mapToRegistry registry https://registry.npmjs.org/
48 silly mapToRegistry data Result {
48 silly mapToRegistry   raw: 'windows-service',
48 silly mapToRegistry   scope: null,
48 silly mapToRegistry   escapedName: 'windows-service',
48 silly mapToRegistry   name: 'windows-service',
48 silly mapToRegistry   rawSpec: '',
48 silly mapToRegistry   spec: 'latest',
48 silly mapToRegistry   type: 'tag' }
49 silly mapToRegistry uri https://registry.npmjs.org/windows-service
50 verbose addNameTag registry:https://registry.npmjs.org/windows-service not in flight; fetching
51 verbose get https://registry.npmjs.org/windows-service not expired, no request
52 silly addNameTag next cb for windows-service with tag latest
53 silly addNamed windows-service@1.1.0
54 verbose addNamed "1.1.0" is a plain semver version for windows-service
55 silly cache afterAdd windows-service@1.1.0
56 verbose afterAdd C:\Users\Faisal Abdul Hamid\AppData\Roaming\npm-cache\windows-service\1.1.0\package\package.json not in flight; writing
57 verbose correctMkdir C:\Users\Faisal Abdul Hamid\AppData\Roaming\npm-cache correctMkdir not in flight; initializing
58 verbose afterAdd C:\Users\Faisal Abdul Hamid\AppData\Roaming\npm-cache\windows-service\1.1.0\package\package.json written
59 silly loadAllDepsIntoIdealTree Finishing
60 silly loadIdealTree Finishing
61 silly currentTree npm
62 silly idealTree npm
62 silly idealTree `-- windows-service@1.1.0
63 silly generateActionsToTake Starting
64 silly install generateActionsToTake
65 silly generateActionsToTake Finishing
66 silly diffTrees action count 1
67 silly diffTrees add windows-service@1.1.0
68 silly decomposeActions action count 8
69 silly decomposeActions fetch windows-service@1.1.0
70 silly decomposeActions extract windows-service@1.1.0
71 silly decomposeActions test windows-service@1.1.0
72 silly decomposeActions preinstall windows-service@1.1.0
73 silly decomposeActions build windows-service@1.1.0
74 silly decomposeActions install windows-service@1.1.0
75 silly decomposeActions postinstall windows-service@1.1.0
76 silly decomposeActions finalize windows-service@1.1.0
77 silly executeActions Starting
78 silly install executeActions
79 silly doSerial global-install 0
80 silly doParallel fetch 1
81 verbose correctMkdir C:\Users\Faisal Abdul Hamid\AppData\Roaming\npm-cache\_locks correctMkdir not in flight; initializing
82 verbose lock using C:\Users\Faisal Abdul Hamid\AppData\Roaming\npm-cache\_locks\staging-22e1c0680b904242.lock for C:\Users\Faisal Abdul Hamid\AppData\Roaming\npm\node_modules\.staging
83 silly doParallel extract 1
84 silly extract windows-service@1.1.0
85 verbose unbuild node_modules\.staging\windows-service-8644770a
86 silly gentlyRm C:\Users\Faisal Abdul Hamid\AppData\Roaming\npm\node_modules\.staging\windows-service-8644770a is being purged from base C:\Users\Faisal Abdul Hamid\AppData\Roaming\npm
87 verbose gentlyRm don't care about contents; nuking C:\Users\Faisal Abdul Hamid\AppData\Roaming\npm\node_modules\.staging\windows-service-8644770a
88 verbose tar unpack C:\Users\Faisal Abdul Hamid\AppData\Roaming\npm-cache\windows-service\1.1.0\package.tgz
89 verbose tar unpacking to C:\Users\Faisal Abdul Hamid\AppData\Roaming\npm\node_modules\.staging\windows-service-8644770a
90 silly gentlyRm C:\Users\Faisal Abdul Hamid\AppData\Roaming\npm\node_modules\.staging\windows-service-8644770a is being purged
91 verbose gentlyRm don't care about contents; nuking C:\Users\Faisal Abdul Hamid\AppData\Roaming\npm\node_modules\.staging\windows-service-8644770a
92 silly gunzTarPerm modes [ '777', '666' ]
93 silly gunzTarPerm extractEntry package.json
94 silly gunzTarPerm modified mode [ 'package.json', 420, 438 ]
95 silly gunzTarPerm extractEntry .npmignore
96 silly gunzTarPerm modified mode [ '.npmignore', 420, 438 ]
97 silly gunzTarPerm extractEntry README.md
98 silly gunzTarPerm modified mode [ 'README.md', 420, 438 ]
99 silly gunzTarPerm extractEntry index.js
100 silly gunzTarPerm modified mode [ 'index.js', 420, 438 ]
101 silly gunzTarPerm extractEntry binding.gyp
102 silly gunzTarPerm modified mode [ 'binding.gyp', 420, 438 ]
103 silly gunzTarPerm extractEntry example/periodic-logger.js
104 silly gunzTarPerm modified mode [ 'example/periodic-logger.js', 420, 438 ]
105 silly gunzTarPerm extractEntry src/pthread.cc
106 silly gunzTarPerm modified mode [ 'src/pthread.cc', 420, 438 ]
107 silly gunzTarPerm extractEntry src/pthread.h
108 silly gunzTarPerm modified mode [ 'src/pthread.h', 420, 438 ]
109 silly gunzTarPerm extractEntry src/service.cc
110 silly gunzTarPerm modified mode [ 'src/service.cc', 420, 438 ]
111 silly gunzTarPerm extractEntry src/service.h
112 silly gunzTarPerm modified mode [ 'src/service.h', 420, 438 ]
113 silly gentlyRm C:\Users\Faisal Abdul Hamid\AppData\Roaming\npm\node_modules\.staging\windows-service-8644770a\node_modules is being purged
114 verbose gentlyRm don't care about contents; nuking C:\Users\Faisal Abdul Hamid\AppData\Roaming\npm\node_modules\.staging\windows-service-8644770a\node_modules
115 silly doParallel preinstall 1
116 silly preinstall windows-service@1.1.0 C:\Users\Faisal Abdul Hamid\AppData\Roaming\npm\node_modules\.staging\windows-service-8644770a
117 info lifecycle windows-service@1.1.0~preinstall: windows-service@1.1.0
118 silly lifecycle windows-service@1.1.0~preinstall: no script for preinstall, continuing
119 silly doReverseSerial remove 0
120 silly doSerial move 0
121 silly doSerial finalize 1
122 silly finalize C:\Users\Faisal Abdul Hamid\AppData\Roaming\npm\node_modules\windows-service
123 silly doSerial build 1
124 silly build windows-service@1.1.0
125 info linkStuff windows-service@1.1.0
126 silly linkStuff windows-service@1.1.0 has C:\Users\Faisal Abdul Hamid\AppData\Roaming\npm\node_modules as its parent node_modules
127 silly linkStuff windows-service@1.1.0 is part of a global install
128 silly linkStuff windows-service@1.1.0 is installed into a global node_modules
129 silly linkStuff windows-service@1.1.0 is installed into the top-level global node_modules
130 verbose linkBins windows-service@1.1.0
131 verbose linkMans windows-service@1.1.0
132 silly doSerial global-link 0
133 silly doParallel update-linked 0
134 silly doSerial install 1
135 silly install windows-service@1.1.0 C:\Users\Faisal Abdul Hamid\AppData\Roaming\npm\node_modules\.staging\windows-service-8644770a
136 info lifecycle windows-service@1.1.0~install: windows-service@1.1.0
137 verbose lifecycle windows-service@1.1.0~install: unsafe-perm in lifecycle true
138 verbose lifecycle windows-service@1.1.0~install: PATH: C:\Program Files\nodejs\node_modules\npm\bin\node-gyp-bin;C:\Users\Faisal Abdul Hamid\AppData\Roaming\npm\node_modules\windows-service\node_modules\.bin;C:\Users\Faisal Abdul Hamid\AppData\Roaming\npm\node_modules\.bin;C:\Program Files\nodejs;C:\Program Files (x86)\OpenSSH\bin;C:\Program Files\nodejs;C:\xampp\mysql\bin;C:\xampp\php;C:\xampp\perl\bin;C:\Program Files\Git\bin;C:\Windows\System32;C:\Users\Faisal Abdul Hamid\AppData\Local\Composer;C:\ProgramData\ComposerSetup\bin;C:\Users\Faisal Abdul Hamid\AppData\Roaming\Composer\vendor\bin;C:\Users\Faisal Abdul Hamid\AppData\Roaming\npm
139 verbose lifecycle windows-service@1.1.0~install: CWD: C:\Users\Faisal Abdul Hamid\AppData\Roaming\npm\node_modules\windows-service
140 silly lifecycle windows-service@1.1.0~install: Args: [ '/d /s /c', 'node-gyp rebuild' ]
141 silly lifecycle windows-service@1.1.0~install: Returned: code: 1  signal: null
142 info lifecycle windows-service@1.1.0~install: Failed to exec install script
143 verbose unlock done using C:\Users\Faisal Abdul Hamid\AppData\Roaming\npm-cache\_locks\staging-22e1c0680b904242.lock for C:\Users\Faisal Abdul Hamid\AppData\Roaming\npm\node_modules\.staging
144 silly rollbackFailedOptional Starting
145 silly rollbackFailedOptional Finishing
146 silly runTopLevelLifecycles Starting
147 silly runTopLevelLifecycles Finishing
148 silly install printInstalled
149 verbose stack Error: windows-service@1.1.0 install: `node-gyp rebuild`
149 verbose stack Exit status 1
149 verbose stack     at EventEmitter.<anonymous> (C:\Program Files\nodejs\node_modules\npm\lib\utils\lifecycle.js:242:16)
149 verbose stack     at emitTwo (events.js:106:13)
149 verbose stack     at EventEmitter.emit (events.js:191:7)
149 verbose stack     at ChildProcess.<anonymous> (C:\Program Files\nodejs\node_modules\npm\lib\utils\spawn.js:40:14)
149 verbose stack     at emitTwo (events.js:106:13)
149 verbose stack     at ChildProcess.emit (events.js:191:7)
149 verbose stack     at maybeClose (internal/child_process.js:877:16)
149 verbose stack     at Process.ChildProcess._handle.onexit (internal/child_process.js:226:5)
150 verbose pkgid windows-service@1.1.0
151 verbose cwd E:\TA
152 error Windows_NT 6.1.7601
153 error argv "C:\\Program Files\\nodejs\\node.exe" "C:\\Program Files\\nodejs\\node_modules\\npm\\bin\\npm-cli.js" "install" "-g" "windows-service"
154 error node v6.5.0
155 error npm  v3.10.3
156 error code ELIFECYCLE
157 error windows-service@1.1.0 install: `node-gyp rebuild`
157 error Exit status 1
158 error Failed at the windows-service@1.1.0 install script 'node-gyp rebuild'.
158 error Make sure you have the latest version of node.js and npm installed.
158 error If you do, this is most likely a problem with the windows-service package,
158 error not with npm itself.
158 error Tell the author that this fails on your system:
158 error     node-gyp rebuild
158 error You can get information on how to open an issue for this project with:
158 error     npm bugs windows-service
158 error Or if that isn't available, you can get their info via:
158 error     npm owner ls windows-service
158 error There is likely additional logging output above.
159 verbose exit [ 1, true ]
